<?xml version="1.0" encoding="UTF-8"?>
<testng-results skipped="0" failed="0" ignored="0" total="1" passed="1">
  <reporter-output>
  </reporter-output>
  <suite name="com.k2js.samplemavenprojct.testscript.YahooTest" duration-ms="29973" started-at="2017-08-21T09:50:36Z" finished-at="2017-08-21T09:51:06Z">
    <groups>
    </groups>
    <test name="Command line test" duration-ms="29973" started-at="2017-08-21T09:50:36Z" finished-at="2017-08-21T09:51:06Z">
      <class name="com.k2js.samplemavenprojct.testscript.YahooTest">
        <test-method status="PASS" signature="test()[pri:0, instance:com.k2js.samplemavenprojct.testscript.YahooTest@42d3bd8b]" name="test" duration-ms="29874" started-at="2017-08-21T15:20:37Z" finished-at="2017-08-21T15:21:06Z">
          <reporter-output>
          </reporter-output>
        </test-method> <!-- test -->
      </class> <!-- com.k2js.samplemavenprojct.testscript.YahooTest -->
    </test> <!-- Command line test -->
  </suite> <!-- com.k2js.samplemavenprojct.testscript.YahooTest -->
</testng-results>
